<?xml version="1.0" encoding="UTF-8"?>
<!-- Generated by org.testng.reporters.JUnitReportReporter -->
<testsuite hostname="DESKTOP-KFKI563" failures="0" tests="2" name="xmlStudy.XmlStudy" time="0.010" errors="0" timestamp="2022-06-14T17:30:05 ALMT" skipped="0">
  <testcase classname="xmlStudy.XmlStudy" name="mymethod3" time="0.003"/>
  <system-out>
    <![CDATA[Method is running ]]>
  </system-out>
  <testcase classname="xmlStudy.XmlStudy" name="mymethod2" time="0.007"/>
  <system-out>
    <![CDATA[Method is running ]]>
  </system-out>
</testsuite> <!-- xmlStudy.XmlStudy -->
