<?xml version="1.0" encoding="UTF-8"?>
<!-- Generated by org.testng.reporters.JUnitReportReporter -->
<testsuite hostname="DESKTOP-KFKI563" failures="0" tests="1" name="VeruficationUsingTestNg.VerificationUse1" time="65.240" errors="0" timestamp="2022-06-23T16:35:43 ALMT" skipped="0">
  <testcase classname="VeruficationUsingTestNg.VerificationUse1" name="f" time="65.240"/>
  <system-out/>
</testsuite> <!-- VeruficationUsingTestNg.VerificationUse1 -->
