<?xml version="1.0" encoding="UTF-8"?>
<!-- Generated by org.testng.reporters.JUnitReportReporter -->
<testsuite hostname="DESKTOP-KFKI563" failures="0" tests="1" name="VeruficationUsingTestNg.AssertionEqualsNotEquals" time="0.021" errors="0" timestamp="2022-06-23T16:33:08 ALMT" skipped="0">
  <testcase classname="VeruficationUsingTestNg.AssertionEqualsNotEquals" name="f" time="0.021"/>
  <system-out>
    <![CDATA[String are not matching TC is passed]]>
  </system-out>
</testsuite> <!-- VeruficationUsingTestNg.AssertionEqualsNotEquals -->
