<?xml version="1.0" encoding="UTF-8"?>
<!-- Generated by org.testng.reporters.JUnitReportReporter -->
<testsuite hostname="DESKTOP-KFKI563" failures="0" tests="2" name="testNG.NewTestclass1" time="0.022" errors="0" timestamp="2022-06-26T22:56:12 ALMT" skipped="0">
  <testcase classname="testNG.NewTestclass1" name="test" time="0.018"/>
  <system-out>
    <![CDATA[test method running ]]>
  </system-out>
  <testcase classname="testNG.NewTestclass1" name="test2" time="0.004"/>
  <system-out>
    <![CDATA[test method2 is running ]]>
  </system-out>
</testsuite> <!-- testNG.NewTestclass1 -->
