<?xml version="1.0" encoding="UTF-8"?>
<!-- Generated by org.testng.reporters.JUnitReportReporter -->
<testsuite hostname="DESKTOP-KFKI563" failures="0" tests="3" name="testNG.MyTestClass" time="260.574" errors="0" timestamp="2022-06-10T16:10:34 ALMT" skipped="0">
  <testcase classname="testNG.MyTestClass" name="mymethod3" time="70.185"/>
  <system-out>
    <![CDATA[my method3 is running]]>
  </system-out>
  <testcase classname="testNG.MyTestClass" name="mymethod2" time="111.471"/>
  <system-out>
    <![CDATA[my method2 is running]]>
  </system-out>
  <testcase classname="testNG.MyTestClass" name="mymethod1" time="78.918"/>
  <system-out/>
</testsuite> <!-- testNG.MyTestClass -->
