<?xml version="1.0" encoding="UTF-8"?>
<!-- Generated by org.testng.reporters.JUnitReportReporter -->
<testsuite hostname="DESKTOP-KFKI563" failures="0" tests="2" name="TestSuitStudy.MyTest" time="0.022" errors="0" timestamp="2022-06-14T11:46:28 ALMT" skipped="0">
  <testcase classname="TestSuitStudy.MyTest" name="This" time="0.005"/>
  <system-out>
    <![CDATA[This is running ]]>
  </system-out>
  <testcase classname="TestSuitStudy.MyTest" name="Show" time="0.017"/>
  <system-out>
    <![CDATA[Show is running ]]>
  </system-out>
</testsuite> <!-- TestSuitStudy.MyTest -->
