<?xml version="1.0" encoding="UTF-8"?>
<!-- Generated by org.testng.reporters.JUnitReportReporter -->
<testsuite hostname="DESKTOP-KFKI563" failures="0" tests="2" name="testNG.AnnotationStudy" time="0.023" errors="0" timestamp="2022-06-23T21:01:16 ALMT" skipped="0">
  <testcase classname="testNG.AnnotationStudy" name="myTest4" time="0.018"/>
  <system-out/>
  <testcase classname="testNG.AnnotationStudy" name="test5" time="0.005"/>
  <system-out>
    <![CDATA[ Test method5 is running ]]>
  </system-out>
</testsuite> <!-- testNG.AnnotationStudy -->
