<?xml version="1.0" encoding="UTF-8"?>
<!-- Generated by org.testng.reporters.JUnitReportReporter -->
<testsuite hostname="DESKTOP-KFKI563" failures="0" tests="3" name="TestNgkeywords.MultipleKeywordsUsing" time="0.031" errors="0" timestamp="2022-06-29T16:21:07 ALMT" skipped="1">
  <testcase classname="TestNgkeywords.MultipleKeywordsUsing" name="B" time="0.011"/>
  <system-out>
    <![CDATA[B is running]]>
  </system-out>
  <testcase classname="TestNgkeywords.MultipleKeywordsUsing" name="A" time="0.020"/>
  <system-out>
    <![CDATA[A is running ]]>
  </system-out>
  <testcase classname="TestNgkeywords.MultipleKeywordsUsing" name="C">
    <skipped/>
  </testcase> <!-- C -->
  <system-out/>
</testsuite> <!-- TestNgkeywords.MultipleKeywordsUsing -->
