<?xml version="1.0" encoding="UTF-8"?>
<!-- Generated by org.testng.reporters.JUnitReportReporter -->
<testsuite hostname="DESKTOP-KFKI563" failures="0" tests="3" name="TestNgkeywords.Enabled" time="0.008" errors="0" timestamp="2022-06-14T14:00:42 ALMT" skipped="1">
  <testcase classname="TestNgkeywords.Enabled" name="TC1" time="0.004"/>
  <system-out>
    <![CDATA[running TC1 ]]>
  </system-out>
  <testcase classname="TestNgkeywords.Enabled" name="TC3" time="0.004"/>
  <system-out>
    <![CDATA[running TC3]]>
  </system-out>
  <testcase classname="TestNgkeywords.Enabled" name="TC2">
    <skipped/>
  </testcase> <!-- TC2 -->
  <system-out/>
</testsuite> <!-- TestNgkeywords.Enabled -->
