<?xml version="1.0" encoding="UTF-8"?>
<!-- Generated by org.testng.reporters.JUnitReportReporter -->
<testsuite hostname="DESKTOP-KFKI563" failures="0" tests="1" name="xmlStudy.MyTest3" time="0.021" errors="0" timestamp="2022-06-14T17:45:43 ALMT" skipped="0">
  <testcase classname="xmlStudy.MyTest3" name="g" time="0.021"/>
  <system-out/>
</testsuite> <!-- xmlStudy.MyTest3 -->
