<?xml version="1.0" encoding="UTF-8"?>
<!-- Generated by org.testng.reporters.JUnitReportReporter -->
<testsuite hostname="DESKTOP-KFKI563" failures="0" tests="4" name="TestNgkeywords.Priority2" time="0.034" errors="0" timestamp="2022-06-13T14:25:40 ALMT" skipped="0">
  <testcase classname="TestNgkeywords.Priority2" name="Anu" time="0.023"/>
  <system-out>
    <![CDATA[Annu is running ]]>
  </system-out>
  <testcase classname="TestNgkeywords.Priority2" name="Nakshtra" time="0.004"/>
  <system-out>
    <![CDATA[Nakshter is running]]>
  </system-out>
  <testcase classname="TestNgkeywords.Priority2" name="Shri" time="0.003"/>
  <system-out>
    <![CDATA[Shri is running ]]>
  </system-out>
  <testcase classname="TestNgkeywords.Priority2" name="Dimple" time="0.004"/>
  <system-out>
    <![CDATA[Dimple is running ]]>
  </system-out>
</testsuite> <!-- TestNgkeywords.Priority2 -->
