<?xml version="1.0" encoding="UTF-8"?>
<!-- Generated by org.testng.reporters.JUnitReportReporter -->
<testsuite hostname="DESKTOP-KFKI563" failures="0" tests="1" name="VeruficationUsingTestNg.AssertNullAndAssertNotNULL" time="0.025" errors="0" timestamp="2022-06-15T14:41:54 ALMT" skipped="0">
  <testcase classname="VeruficationUsingTestNg.AssertNullAndAssertNotNULL" name="MyRupee" time="0.025"/>
  <system-out>
    <![CDATA[value is null TC is PASSED]]>
  </system-out>
</testsuite> <!-- VeruficationUsingTestNg.AssertNullAndAssertNotNULL -->
