<?xml version="1.0" encoding="UTF-8"?>
<!-- Generated by org.testng.reporters.JUnitReportReporter -->
<testsuite hostname="DESKTOP-KFKI563" failures="0" tests="1" name="xmlStudy.MyTest1" time="0.015" errors="0" timestamp="2022-06-14T17:30:05 ALMT" skipped="0">
  <testcase classname="xmlStudy.MyTest1" name="mymethod6" time="0.015"/>
  <system-out>
    <![CDATA[Method is running ]]>
  </system-out>
</testsuite> <!-- xmlStudy.MyTest1 -->
