<?xml version="1.0" encoding="UTF-8"?>
<!-- Generated by org.testng.reporters.JUnitReportReporter -->
<testsuite hostname="DESKTOP-KFKI563" failures="0" tests="1" name="testNG.NEWtestng" time="0.039" errors="0" timestamp="2022-06-26T22:36:11 ALMT" skipped="0">
  <testcase classname="testNG.NEWtestng" name="f" time="0.039"/>
  <system-out>
    <![CDATA[hi this testng]]>
  </system-out>
</testsuite> <!-- testNG.NEWtestng -->
