<?xml version="1.0" encoding="UTF-8"?>
<!-- Generated by org.testng.reporters.JUnitReportReporter -->
<testsuite hostname="DESKTOP-KFKI563" failures="0" tests="1" name="VeruficationUsingTestNg.AssertTrueAndAssertFlase" time="0.020" errors="0" timestamp="2022-06-23T16:34:02 ALMT" skipped="0">
  <testcase classname="VeruficationUsingTestNg.AssertTrueAndAssertFlase" name="Mymethod" time="0.020"/>
  <system-out/>
</testsuite> <!-- VeruficationUsingTestNg.AssertTrueAndAssertFlase -->
