<?xml version="1.0" encoding="UTF-8"?>
<!-- Generated by org.testng.reporters.JUnitReportReporter -->
<testsuite hostname="DESKTOP-KFKI563" failures="0" tests="3" name="TestNgkeywords.DependsOnkey" time="0.022" errors="0" timestamp="2022-06-29T16:20:29 ALMT" skipped="0">
  <testcase classname="TestNgkeywords.DependsOnkey" name="hum" time="0.002"/>
  <system-out>
    <![CDATA[Hum is running ]]>
  </system-out>
  <testcase classname="TestNgkeywords.DependsOnkey" name="me" time="0.017"/>
  <system-out>
    <![CDATA[Me is running]]>
  </system-out>
  <testcase classname="TestNgkeywords.DependsOnkey" name="you" time="0.003"/>
  <system-out>
    <![CDATA[You is running ]]>
  </system-out>
</testsuite> <!-- TestNgkeywords.DependsOnkey -->
