<?xml version="1.0" encoding="UTF-8"?>
<!-- Generated by org.testng.reporters.JUnitReportReporter -->
<testsuite hostname="DESKTOP-KFKI563" failures="0" tests="4" name="TestNgkeywords.InvocationCountuse" time="0.040" errors="0" timestamp="2022-06-29T16:20:51 ALMT" skipped="0">
  <testcase classname="TestNgkeywords.InvocationCountuse" name="firstmethod" time="0.008"/>
  <system-out>
    <![CDATA[F method is running]]>
  </system-out>
  <testcase classname="TestNgkeywords.InvocationCountuse" name="firstmethod" time="0.004"/>
  <system-out>
    <![CDATA[F method is running]]>
  </system-out>
  <testcase classname="TestNgkeywords.InvocationCountuse" name="firstmethod" time="0.009"/>
  <system-out>
    <![CDATA[F method is running]]>
  </system-out>
  <testcase classname="TestNgkeywords.InvocationCountuse" name="firstmethod" time="0.019"/>
  <system-out>
    <![CDATA[F method is running]]>
  </system-out>
</testsuite> <!-- TestNgkeywords.InvocationCountuse -->
