<?xml version="1.0" encoding="UTF-8"?>
<!-- Generated by org.testng.reporters.JUnitReportReporter -->
<testsuite hostname="DESKTOP-KFKI563" failures="0" tests="3" name="TestNgkeywords.PriorityKeyword" time="0.025" errors="0" timestamp="2022-06-13T14:14:58 ALMT" skipped="0">
  <testcase classname="TestNgkeywords.PriorityKeyword" name="A" time="0.018"/>
  <system-out>
    <![CDATA[ A is running ]]>
  </system-out>
  <testcase classname="TestNgkeywords.PriorityKeyword" name="D" time="0.002"/>
  <system-out>
    <![CDATA[D id running ]]>
  </system-out>
  <testcase classname="TestNgkeywords.PriorityKeyword" name="H" time="0.005"/>
  <system-out>
    <![CDATA[H is running ]]>
  </system-out>
</testsuite> <!-- TestNgkeywords.PriorityKeyword -->
